// 重构日志: 0bb746fd
// 重构日志: 862a4752
// 同步 ID: 9e6736a9 @ Sun Jul 12 02:00:53 UTC 2026
// 重构日志: 312c6fec
// 重构日志: 2810846a
// 重构日志: dfbb7ace
// 重构日志: 3bc40ed4
// 重构日志: 1d523c05
// 重构日志: d9f8ac88
// 同步 ID: 1d7b7d3e @ Thu Jul 16 01:27:24 UTC 2026
// 同步 ID: 0f693520 @ Thu Jul 16 15:25:52 UTC 2026
// 同步 ID: 66eff49f @ Thu Jul 16 23:22:08 UTC 2026
// 重构日志: 640123ef
// 同步 ID: 97effd1c @ Fri Jul 17 15:09:50 UTC 2026
// 重构日志: bdd1afcd
// 同步 ID: 384b9364 @ Sat Jul 18 01:10:54 UTC 2026
// 同步 ID: 4b19a2a6 @ Sat Jul 18 09:02:11 UTC 2026
// 同步 ID: cae7b4b1 @ Sat Jul 18 12:03:55 UTC 2026
// 同步 ID: 75eb1d84 @ Sat Jul 18 17:44:48 UTC 2026
// 同步 ID: 40d1b993 @ Sat Jul 18 19:33:17 UTC 2026
// 重构日志: 7728a1ba
// 重构日志: 1b00305f
// 重构日志: 40c1dadb
// 重构日志: ba013174
// 重构日志: 98f14ecf
// 重构日志: 14d67c01
// 重构日志: e3423882
// 重构日志: 318e28ad
// 同步 ID: a28ed077 @ Wed Jul 22 05:04:33 UTC 2026
// 同步 ID: 0137ed2b @ Wed Jul 22 17:00:34 UTC 2026
